[00:58:49] [main/INFO]: Environment: authHost='https://authserver.mojang.com', accountsHost='https://api.mojang.com', sessionHost='https://sessionserver.mojang.com', servicesHost='https://api.minecraftservices.com', name='PROD'
[00:58:50] [main/WARN]: Ambiguity between arguments [teleport, destination] and [teleport, targets] with inputs: [Player, 0123, @e, dd12be42-52a9-4a91-a8a1-11c01849e498]
[00:58:50] [main/WARN]: Ambiguity between arguments [teleport, location] and [teleport, destination] with inputs: [0.1 -0.5 .9, 0 0 0]
[00:58:50] [main/WARN]: Ambiguity between arguments [teleport, location] and [teleport, targets] with inputs: [0.1 -0.5 .9, 0 0 0]
[00:58:50] [main/WARN]: Ambiguity between arguments [teleport, targets] and [teleport, destination] with inputs: [Player, 0123, dd12be42-52a9-4a91-a8a1-11c01849e498]
[00:58:50] [main/WARN]: Ambiguity between arguments [teleport, targets, location] and [teleport, targets, destination] with inputs: [0.1 -0.5 .9, 0 0 0]
[00:58:50] [main/INFO]: Reloading ResourceManager: Default
[00:58:50] [Worker-Main-4/INFO]: Loaded 7 recipes
[00:58:50] [Worker-Main-4/INFO]: Loaded 927 advancements
[00:59:06] [Server thread/INFO]: Starting minecraft server version 1.16.4
[00:59:06] [Server thread/INFO]: Loading properties
[00:59:06] [Server thread/INFO]: Default game type: CREATIVE
[00:59:06] [Server thread/INFO]: Generating keypair
[00:59:06] [Server thread/INFO]: Starting Minecraft server on *:25565
[00:59:06] [Server thread/INFO]: Using default channel type
[00:59:12] [Server thread/INFO]: Preparing level "server-1"
[00:59:12] [Server thread/INFO]: Preparing start region for dimension minecraft:overworld
[00:59:13] [Server thread/INFO]: Preparing spawn area: 0%
[00:59:13] [Server thread/INFO]: Preparing spawn area: 0%
[00:59:13] [Server thread/INFO]: Preparing spawn area: 0%
[00:59:14] [Server thread/INFO]: Preparing spawn area: 72%
[00:59:14] [Server thread/INFO]: Preparing spawn area: 72%
[00:59:16] [Worker-Main-9/INFO]: Preparing spawn area: 83%
[00:59:16] [Worker-Main-7/INFO]: Preparing spawn area: 83%
[00:59:16] [Worker-Main-7/INFO]: Preparing spawn area: 83%
[00:59:16] [Worker-Main-7/INFO]: Preparing spawn area: 83%
[00:59:16] [Worker-Main-7/INFO]: Preparing spawn area: 83%
[00:59:17] [Worker-Main-7/INFO]: Preparing spawn area: 95%
[00:59:17] [Worker-Main-8/INFO]: Preparing spawn area: 96%
[00:59:17] [Server thread/INFO]: Time elapsed: 5778 ms
[00:59:17] [Server thread/INFO]: Done (5.871s)! For help, type "help"
[00:59:17] [Server thread/INFO]: Starting GS4 status listener
[00:59:22] [Server thread/INFO]: Thread Query Listener started
[00:59:23] [Query Listener #1/INFO]: Query running on 0.0.0.0:25565
[00:59:42] [User Authenticator #1/INFO]: UUID of player FleppyJr2 is 77a1a458-dc50-4c32-92ad-27454552e408
[00:59:43] [Server thread/INFO]: FleppyJr2[/192.168.10.67:55316] logged in with entity id 188 at (-136.5, 64.0, 26.5)
[00:59:43] [Server thread/INFO]: FleppyJr2 joined the game
[01:00:07] [Server thread/INFO]: FleppyJr2 lost connection: Disconnected
[01:00:07] [Server thread/INFO]: FleppyJr2 left the game
[01:00:08] [Server thread/INFO]: Stopping server
[01:00:08] [Server thread/INFO]: Saving players
[01:00:08] [Server thread/INFO]: Saving worlds
[01:00:08] [Server thread/INFO]: Saving chunks for level 'ServerLevel[server-1]'/minecraft:overworld
[01:00:12] [Server thread/INFO]: ThreadedAnvilChunkStorage (server-1): All chunks are saved
[01:00:12] [Server thread/INFO]: Saving chunks for level 'ServerLevel[server-1]'/minecraft:the_nether
[01:00:12] [Server thread/INFO]: ThreadedAnvilChunkStorage (DIM-1): All chunks are saved
[01:00:12] [Server thread/INFO]: Saving chunks for level 'ServerLevel[server-1]'/minecraft:the_end
[01:00:12] [Server thread/INFO]: ThreadedAnvilChunkStorage (DIM1): All chunks are saved
[01:00:12] [Server thread/INFO]: ThreadedAnvilChunkStorage (server-1): All chunks are saved
[01:00:12] [Server thread/INFO]: ThreadedAnvilChunkStorage (DIM-1): All chunks are saved
[01:00:12] [Server thread/INFO]: ThreadedAnvilChunkStorage (DIM1): All chunks are saved
[01:00:12] [Server thread/INFO]: Thread Query Listener stopped
